<<<<<<< HEAD
[2024-04-18 09:51:48:18805] INFO  16116 --- [nio-8181-exec-1] o.s.web.servlet.DispatcherServlet        : Initializing Servlet 'dispatcherServlet'
[2024-04-18 09:51:48:18810] INFO  16116 --- [nio-8181-exec-1] o.s.web.servlet.DispatcherServlet        : Completed initialization in 1 ms
[2024-04-18 10:10:15:13553] INFO  10636 --- [nio-8181-exec-2] o.s.web.servlet.DispatcherServlet        : Initializing Servlet 'dispatcherServlet'
[2024-04-18 10:10:15:13555] INFO  10636 --- [nio-8181-exec-2] o.s.web.servlet.DispatcherServlet        : Completed initialization in 1 ms
[2024-04-18 10:14:38:15109] INFO  9320 --- [nio-8181-exec-1] o.s.web.servlet.DispatcherServlet        : Initializing Servlet 'dispatcherServlet'
[2024-04-18 10:14:38:15111] INFO  9320 --- [nio-8181-exec-1] o.s.web.servlet.DispatcherServlet        : Completed initialization in 2 ms
[2024-04-18 10:20:04:7539] INFO  1804 --- [nio-8181-exec-1] o.s.web.servlet.DispatcherServlet        : Initializing Servlet 'dispatcherServlet'
[2024-04-18 10:20:04:7539] INFO  1804 --- [nio-8181-exec-1] o.s.web.servlet.DispatcherServlet        : Completed initialization in 0 ms
[2024-04-18 10:21:33:5737] INFO  12856 --- [nio-8181-exec-1] o.s.web.servlet.DispatcherServlet        : Initializing Servlet 'dispatcherServlet'
[2024-04-18 10:21:33:5739] INFO  12856 --- [nio-8181-exec-1] o.s.web.servlet.DispatcherServlet        : Completed initialization in 2 ms
[2024-04-18 10:23:45:10667] INFO  14468 --- [nio-8181-exec-1] o.s.web.servlet.DispatcherServlet        : Initializing Servlet 'dispatcherServlet'
[2024-04-18 10:23:45:10668] INFO  14468 --- [nio-8181-exec-1] o.s.web.servlet.DispatcherServlet        : Completed initialization in 1 ms
[2024-04-18 10:58:27:9958] INFO  14844 --- [nio-8181-exec-2] o.s.web.servlet.DispatcherServlet        : Initializing Servlet 'dispatcherServlet'
[2024-04-18 10:58:27:9960] INFO  14844 --- [nio-8181-exec-2] o.s.web.servlet.DispatcherServlet        : Completed initialization in 1 ms
[2024-04-18 11:21:36:9353] INFO  16488 --- [nio-8181-exec-1] o.s.web.servlet.DispatcherServlet        : Initializing Servlet 'dispatcherServlet'
[2024-04-18 11:21:36:9355] INFO  16488 --- [nio-8181-exec-1] o.s.web.servlet.DispatcherServlet        : Completed initialization in 1 ms
[2024-04-18 11:52:43:8255] INFO  3920 --- [nio-8181-exec-1] o.s.web.servlet.DispatcherServlet        : Initializing Servlet 'dispatcherServlet'
[2024-04-18 11:52:43:8255] INFO  3920 --- [nio-8181-exec-1] o.s.web.servlet.DispatcherServlet        : Completed initialization in 0 ms
[2024-04-18 11:54:41:8279] INFO  6108 --- [nio-8181-exec-1] o.s.web.servlet.DispatcherServlet        : Initializing Servlet 'dispatcherServlet'
[2024-04-18 11:54:41:8280] INFO  6108 --- [nio-8181-exec-1] o.s.web.servlet.DispatcherServlet        : Completed initialization in 1 ms
[2024-04-18 11:56:15:6384] INFO  10884 --- [nio-8181-exec-1] o.s.web.servlet.DispatcherServlet        : Initializing Servlet 'dispatcherServlet'
[2024-04-18 11:56:15:6385] INFO  10884 --- [nio-8181-exec-1] o.s.web.servlet.DispatcherServlet        : Completed initialization in 1 ms
[2024-04-18 11:56:37:12078] INFO  9364 --- [nio-8181-exec-1] o.s.web.servlet.DispatcherServlet        : Initializing Servlet 'dispatcherServlet'
[2024-04-18 11:56:37:12079] INFO  9364 --- [nio-8181-exec-1] o.s.web.servlet.DispatcherServlet        : Completed initialization in 1 ms
[2024-04-18 12:02:54:6805] INFO  14752 --- [nio-8181-exec-1] o.s.web.servlet.DispatcherServlet        : Initializing Servlet 'dispatcherServlet'
[2024-04-18 12:02:54:6809] INFO  14752 --- [nio-8181-exec-1] o.s.web.servlet.DispatcherServlet        : Completed initialization in 3 ms
[2024-04-18 12:07:11:6056] INFO  8880 --- [nio-8181-exec-1] o.s.web.servlet.DispatcherServlet        : Initializing Servlet 'dispatcherServlet'
[2024-04-18 12:07:11:6058] INFO  8880 --- [nio-8181-exec-1] o.s.web.servlet.DispatcherServlet        : Completed initialization in 1 ms
[2024-04-18 14:31:13:11623] INFO  10376 --- [nio-8181-exec-1] o.s.web.servlet.DispatcherServlet        : Initializing Servlet 'dispatcherServlet'
[2024-04-18 14:31:13:11624] INFO  10376 --- [nio-8181-exec-1] o.s.web.servlet.DispatcherServlet        : Completed initialization in 1 ms
[2024-04-18 14:32:55:9418] INFO  18012 --- [nio-8181-exec-1] o.s.web.servlet.DispatcherServlet        : Initializing Servlet 'dispatcherServlet'
[2024-04-18 14:32:55:9420] INFO  18012 --- [nio-8181-exec-1] o.s.web.servlet.DispatcherServlet        : Completed initialization in 2 ms
[2024-04-18 14:34:39:7950] INFO  1132 --- [nio-8181-exec-2] o.s.web.servlet.DispatcherServlet        : Initializing Servlet 'dispatcherServlet'
[2024-04-18 14:34:39:7952] INFO  1132 --- [nio-8181-exec-2] o.s.web.servlet.DispatcherServlet        : Completed initialization in 2 ms
[2024-04-18 14:36:13:6316] INFO  8764 --- [nio-8181-exec-1] o.s.web.servlet.DispatcherServlet        : Initializing Servlet 'dispatcherServlet'
[2024-04-18 14:36:13:6317] INFO  8764 --- [nio-8181-exec-1] o.s.web.servlet.DispatcherServlet        : Completed initialization in 0 ms
[2024-04-18 14:41:00:7923] INFO  16096 --- [nio-8181-exec-1] o.s.web.servlet.DispatcherServlet        : Initializing Servlet 'dispatcherServlet'
[2024-04-18 14:41:00:7924] INFO  16096 --- [nio-8181-exec-1] o.s.web.servlet.DispatcherServlet        : Completed initialization in 1 ms
[2024-04-18 14:44:59:8113] INFO  13808 --- [nio-8181-exec-1] o.s.web.servlet.DispatcherServlet        : Initializing Servlet 'dispatcherServlet'
[2024-04-18 14:44:59:8113] INFO  13808 --- [nio-8181-exec-1] o.s.web.servlet.DispatcherServlet        : Completed initialization in 0 ms
[2024-04-18 14:46:05:6214] INFO  10736 --- [nio-8181-exec-1] o.s.web.servlet.DispatcherServlet        : Initializing Servlet 'dispatcherServlet'
[2024-04-18 14:46:05:6215] INFO  10736 --- [nio-8181-exec-1] o.s.web.servlet.DispatcherServlet        : Completed initialization in 0 ms
[2024-04-18 14:46:38:6929] INFO  4520 --- [nio-8181-exec-1] o.s.web.servlet.DispatcherServlet        : Initializing Servlet 'dispatcherServlet'
[2024-04-18 14:46:38:6931] INFO  4520 --- [nio-8181-exec-1] o.s.web.servlet.DispatcherServlet        : Completed initialization in 1 ms
[2024-04-18 14:47:02:7335] INFO  7940 --- [nio-8181-exec-1] o.s.web.servlet.DispatcherServlet        : Initializing Servlet 'dispatcherServlet'
[2024-04-18 14:47:02:7337] INFO  7940 --- [nio-8181-exec-1] o.s.web.servlet.DispatcherServlet        : Completed initialization in 2 ms
[2024-04-18 14:47:32:4819] INFO  11888 --- [nio-8181-exec-1] o.s.web.servlet.DispatcherServlet        : Initializing Servlet 'dispatcherServlet'
[2024-04-18 14:47:32:4820] INFO  11888 --- [nio-8181-exec-1] o.s.web.servlet.DispatcherServlet        : Completed initialization in 1 ms
[2024-04-18 16:04:14:11634] INFO  6456 --- [nio-8181-exec-1] o.s.web.servlet.DispatcherServlet        : Initializing Servlet 'dispatcherServlet'
[2024-04-18 16:04:14:11636] INFO  6456 --- [nio-8181-exec-1] o.s.web.servlet.DispatcherServlet        : Completed initialization in 2 ms
[2024-04-18 17:05:52:10578] INFO  17536 --- [nio-8181-exec-2] o.s.web.servlet.DispatcherServlet        : Initializing Servlet 'dispatcherServlet'
[2024-04-18 17:05:52:10579] INFO  17536 --- [nio-8181-exec-2] o.s.web.servlet.DispatcherServlet        : Completed initialization in 0 ms
=======
[2024-04-17 12:02:24:40870] INFO  8468 --- [nio-8181-exec-1] o.s.web.servlet.DispatcherServlet        : Initializing Servlet 'dispatcherServlet'
[2024-04-17 12:02:24:40876] INFO  8468 --- [nio-8181-exec-1] o.s.web.servlet.DispatcherServlet        : Completed initialization in 1 ms
[2024-04-17 12:10:22:116814] INFO  3564 --- [nio-8181-exec-1] o.s.web.servlet.DispatcherServlet        : Initializing Servlet 'dispatcherServlet'
[2024-04-17 12:10:22:116817] INFO  3564 --- [nio-8181-exec-1] o.s.web.servlet.DispatcherServlet        : Completed initialization in 1 ms
[2024-04-17 16:20:07:17073] INFO  400 --- [nio-8181-exec-1] o.s.web.servlet.DispatcherServlet        : Initializing Servlet 'dispatcherServlet'
[2024-04-17 16:20:07:17075] INFO  400 --- [nio-8181-exec-1] o.s.web.servlet.DispatcherServlet        : Completed initialization in 2 ms
[2024-04-17 16:39:24:13743] INFO  12432 --- [nio-8181-exec-1] o.s.web.servlet.DispatcherServlet        : Initializing Servlet 'dispatcherServlet'
[2024-04-17 16:39:24:13745] INFO  12432 --- [nio-8181-exec-1] o.s.web.servlet.DispatcherServlet        : Completed initialization in 0 ms
[2024-04-17 18:11:52:25250] INFO  15136 --- [nio-8181-exec-1] o.s.web.servlet.DispatcherServlet        : Initializing Servlet 'dispatcherServlet'
[2024-04-17 18:11:52:25251] INFO  15136 --- [nio-8181-exec-1] o.s.web.servlet.DispatcherServlet        : Completed initialization in 1 ms
[2024-04-17 18:13:22:8211] INFO  11768 --- [nio-8181-exec-2] o.s.web.servlet.DispatcherServlet        : Initializing Servlet 'dispatcherServlet'
[2024-04-17 18:13:22:8214] INFO  11768 --- [nio-8181-exec-2] o.s.web.servlet.DispatcherServlet        : Completed initialization in 1 ms
[2024-04-17 18:16:26:27271] INFO  17072 --- [nio-8181-exec-1] o.s.web.servlet.DispatcherServlet        : Initializing Servlet 'dispatcherServlet'
[2024-04-17 18:16:26:27274] INFO  17072 --- [nio-8181-exec-1] o.s.web.servlet.DispatcherServlet        : Completed initialization in 2 ms
[2024-04-18 10:55:57:16614] INFO  12576 --- [nio-8181-exec-1] o.s.web.servlet.DispatcherServlet        : Initializing Servlet 'dispatcherServlet'
[2024-04-18 10:55:57:16618] INFO  12576 --- [nio-8181-exec-1] o.s.web.servlet.DispatcherServlet        : Completed initialization in 0 ms
[2024-04-18 10:58:49:21536] INFO  10272 --- [nio-8181-exec-1] o.s.web.servlet.DispatcherServlet        : Initializing Servlet 'dispatcherServlet'
[2024-04-18 10:58:49:21538] INFO  10272 --- [nio-8181-exec-1] o.s.web.servlet.DispatcherServlet        : Completed initialization in 2 ms
[2024-04-18 11:01:09:21973] INFO  7312 --- [nio-8181-exec-1] o.s.web.servlet.DispatcherServlet        : Initializing Servlet 'dispatcherServlet'
[2024-04-18 11:01:09:21975] INFO  7312 --- [nio-8181-exec-1] o.s.web.servlet.DispatcherServlet        : Completed initialization in 1 ms
[2024-04-18 11:02:01:7870] INFO  1228 --- [nio-8181-exec-1] o.s.web.servlet.DispatcherServlet        : Initializing Servlet 'dispatcherServlet'
[2024-04-18 11:02:01:7872] INFO  1228 --- [nio-8181-exec-1] o.s.web.servlet.DispatcherServlet        : Completed initialization in 2 ms
[2024-04-18 12:13:22:10556] INFO  10648 --- [nio-8181-exec-2] o.s.web.servlet.DispatcherServlet        : Initializing Servlet 'dispatcherServlet'
[2024-04-18 12:13:22:10558] INFO  10648 --- [nio-8181-exec-2] o.s.web.servlet.DispatcherServlet        : Completed initialization in 2 ms
[2024-04-18 12:19:10:17336] INFO  5656 --- [nio-8181-exec-3] o.s.web.servlet.DispatcherServlet        : Initializing Servlet 'dispatcherServlet'
[2024-04-18 12:19:10:17337] INFO  5656 --- [nio-8181-exec-3] o.s.web.servlet.DispatcherServlet        : Completed initialization in 1 ms
[2024-04-18 12:24:08:8910] INFO  7548 --- [nio-8181-exec-1] o.s.web.servlet.DispatcherServlet        : Initializing Servlet 'dispatcherServlet'
[2024-04-18 12:24:08:8911] INFO  7548 --- [nio-8181-exec-1] o.s.web.servlet.DispatcherServlet        : Completed initialization in 1 ms
[2024-04-18 12:28:27:22910] INFO  10548 --- [nio-8181-exec-1] o.s.web.servlet.DispatcherServlet        : Initializing Servlet 'dispatcherServlet'
[2024-04-18 12:28:27:22913] INFO  10548 --- [nio-8181-exec-1] o.s.web.servlet.DispatcherServlet        : Completed initialization in 2 ms
[2024-04-18 12:30:34:10770] INFO  9004 --- [nio-8181-exec-1] o.s.web.servlet.DispatcherServlet        : Initializing Servlet 'dispatcherServlet'
[2024-04-18 12:30:34:10772] INFO  9004 --- [nio-8181-exec-1] o.s.web.servlet.DispatcherServlet        : Completed initialization in 1 ms
[2024-04-18 12:55:49:20631] INFO  15576 --- [nio-8181-exec-1] o.s.web.servlet.DispatcherServlet        : Initializing Servlet 'dispatcherServlet'
[2024-04-18 12:55:49:20633] INFO  15576 --- [nio-8181-exec-1] o.s.web.servlet.DispatcherServlet        : Completed initialization in 1 ms
[2024-04-18 12:59:04:19901] INFO  17052 --- [nio-8181-exec-2] o.s.web.servlet.DispatcherServlet        : Initializing Servlet 'dispatcherServlet'
[2024-04-18 12:59:04:19902] INFO  17052 --- [nio-8181-exec-2] o.s.web.servlet.DispatcherServlet        : Completed initialization in 1 ms
[2024-04-18 13:05:44:7849] INFO  13256 --- [nio-8181-exec-2] o.s.web.servlet.DispatcherServlet        : Initializing Servlet 'dispatcherServlet'
[2024-04-18 13:05:44:7850] INFO  13256 --- [nio-8181-exec-2] o.s.web.servlet.DispatcherServlet        : Completed initialization in 1 ms
[2024-04-18 13:08:26:10631] INFO  11244 --- [nio-8181-exec-1] o.s.web.servlet.DispatcherServlet        : Initializing Servlet 'dispatcherServlet'
[2024-04-18 13:08:26:10632] INFO  11244 --- [nio-8181-exec-1] o.s.web.servlet.DispatcherServlet        : Completed initialization in 1 ms
[2024-04-18 13:10:20:10043] INFO  19404 --- [nio-8181-exec-2] o.s.web.servlet.DispatcherServlet        : Initializing Servlet 'dispatcherServlet'
[2024-04-18 13:10:20:10044] INFO  19404 --- [nio-8181-exec-2] o.s.web.servlet.DispatcherServlet        : Completed initialization in 0 ms
[2024-04-18 13:11:21:8791] INFO  1116 --- [nio-8181-exec-1] o.s.web.servlet.DispatcherServlet        : Initializing Servlet 'dispatcherServlet'
[2024-04-18 13:11:21:8792] INFO  1116 --- [nio-8181-exec-1] o.s.web.servlet.DispatcherServlet        : Completed initialization in 1 ms
[2024-04-18 13:18:26:29401] INFO  17056 --- [nio-8181-exec-1] o.s.web.servlet.DispatcherServlet        : Initializing Servlet 'dispatcherServlet'
[2024-04-18 13:18:26:29403] INFO  17056 --- [nio-8181-exec-1] o.s.web.servlet.DispatcherServlet        : Completed initialization in 2 ms
[2024-04-18 14:25:47:24170] INFO  15116 --- [nio-8181-exec-1] o.s.web.servlet.DispatcherServlet        : Initializing Servlet 'dispatcherServlet'
[2024-04-18 14:25:47:24171] INFO  15116 --- [nio-8181-exec-1] o.s.web.servlet.DispatcherServlet        : Completed initialization in 0 ms
[2024-04-18 14:34:51:13167] INFO  12772 --- [nio-8181-exec-2] o.s.web.servlet.DispatcherServlet        : Initializing Servlet 'dispatcherServlet'
[2024-04-18 14:34:51:13169] INFO  12772 --- [nio-8181-exec-2] o.s.web.servlet.DispatcherServlet        : Completed initialization in 1 ms
[2024-04-18 14:37:27:9307] INFO  13812 --- [nio-8181-exec-1] o.s.web.servlet.DispatcherServlet        : Initializing Servlet 'dispatcherServlet'
[2024-04-18 14:37:27:9308] INFO  13812 --- [nio-8181-exec-1] o.s.web.servlet.DispatcherServlet        : Completed initialization in 1 ms
[2024-04-18 14:38:45:8526] INFO  14296 --- [nio-8181-exec-1] o.s.web.servlet.DispatcherServlet        : Initializing Servlet 'dispatcherServlet'
[2024-04-18 14:38:45:8527] INFO  14296 --- [nio-8181-exec-1] o.s.web.servlet.DispatcherServlet        : Completed initialization in 1 ms
[2024-04-18 14:42:18:4393] INFO  1320 --- [nio-8181-exec-1] o.s.web.servlet.DispatcherServlet        : Initializing Servlet 'dispatcherServlet'
[2024-04-18 14:42:18:4396] INFO  1320 --- [nio-8181-exec-1] o.s.web.servlet.DispatcherServlet        : Completed initialization in 2 ms
[2024-04-18 15:03:45:14597] INFO  13332 --- [nio-8181-exec-2] o.s.web.servlet.DispatcherServlet        : Initializing Servlet 'dispatcherServlet'
[2024-04-18 15:03:45:14599] INFO  13332 --- [nio-8181-exec-2] o.s.web.servlet.DispatcherServlet        : Completed initialization in 1 ms
[2024-04-18 15:16:54:10141] INFO  14172 --- [nio-8181-exec-1] o.s.web.servlet.DispatcherServlet        : Initializing Servlet 'dispatcherServlet'
[2024-04-18 15:16:54:10143] INFO  14172 --- [nio-8181-exec-1] o.s.web.servlet.DispatcherServlet        : Completed initialization in 0 ms
[2024-04-18 15:18:51:6499] INFO  19060 --- [nio-8181-exec-1] o.s.web.servlet.DispatcherServlet        : Initializing Servlet 'dispatcherServlet'
[2024-04-18 15:18:51:6500] INFO  19060 --- [nio-8181-exec-1] o.s.web.servlet.DispatcherServlet        : Completed initialization in 1 ms
[2024-04-18 15:23:33:11357] INFO  12612 --- [nio-8181-exec-1] o.s.web.servlet.DispatcherServlet        : Initializing Servlet 'dispatcherServlet'
[2024-04-18 15:23:33:11358] INFO  12612 --- [nio-8181-exec-1] o.s.web.servlet.DispatcherServlet        : Completed initialization in 1 ms
[2024-04-18 15:31:15:9556] INFO  1452 --- [nio-8181-exec-3] o.s.web.servlet.DispatcherServlet        : Initializing Servlet 'dispatcherServlet'
[2024-04-18 15:31:15:9557] INFO  1452 --- [nio-8181-exec-3] o.s.web.servlet.DispatcherServlet        : Completed initialization in 0 ms
[2024-04-18 15:42:23:11633] INFO  8856 --- [nio-8181-exec-1] o.s.web.servlet.DispatcherServlet        : Initializing Servlet 'dispatcherServlet'
[2024-04-18 15:42:23:11634] INFO  8856 --- [nio-8181-exec-1] o.s.web.servlet.DispatcherServlet        : Completed initialization in 0 ms
[2024-04-18 15:43:57:7394] INFO  4828 --- [nio-8181-exec-1] o.s.web.servlet.DispatcherServlet        : Initializing Servlet 'dispatcherServlet'
[2024-04-18 15:43:57:7395] INFO  4828 --- [nio-8181-exec-1] o.s.web.servlet.DispatcherServlet        : Completed initialization in 1 ms
[2024-04-18 15:49:01:6312] INFO  17660 --- [nio-8181-exec-1] o.s.web.servlet.DispatcherServlet        : Initializing Servlet 'dispatcherServlet'
[2024-04-18 15:49:01:6315] INFO  17660 --- [nio-8181-exec-1] o.s.web.servlet.DispatcherServlet        : Completed initialization in 3 ms
[2024-04-18 15:50:42:6275] INFO  11712 --- [nio-8181-exec-1] o.s.web.servlet.DispatcherServlet        : Initializing Servlet 'dispatcherServlet'
[2024-04-18 15:50:42:6276] INFO  11712 --- [nio-8181-exec-1] o.s.web.servlet.DispatcherServlet        : Completed initialization in 1 ms
[2024-04-18 15:51:53:10351] INFO  12404 --- [nio-8181-exec-1] o.s.web.servlet.DispatcherServlet        : Initializing Servlet 'dispatcherServlet'
[2024-04-18 15:51:53:10352] INFO  12404 --- [nio-8181-exec-1] o.s.web.servlet.DispatcherServlet        : Completed initialization in 1 ms
[2024-04-18 15:55:16:8023] INFO  19412 --- [nio-8181-exec-2] o.s.web.servlet.DispatcherServlet        : Initializing Servlet 'dispatcherServlet'
[2024-04-18 15:55:16:8024] INFO  19412 --- [nio-8181-exec-2] o.s.web.servlet.DispatcherServlet        : Completed initialization in 1 ms
>>>>>>> jhjhjh
